apiVersion: v1
kind: Pod
metadata:
  name: readiness-pod-output
  namespace: default
spec:
  containers:
  - image: nginx
    imagePullPolicy: Always
    name: my-app
    ports:
    - containerPort: 80
      protocol: TCP
    readinessProbe:
      exec:
        command:
        - /bin/sh
        - -c
        - /tmp/check-script.sh
      failureThreshold: 3
      initialDelaySeconds: 20
      periodSeconds: 15
      successThreshold: 1
      timeoutSeconds: 1
    resources: {}
    terminationMessagePath: /dev/termination-log
    terminationMessagePolicy: File
    volumeMounts:
    - mountPath: /tmp
      name: vol1
  dnsPolicy: ClusterFirst
  enableServiceLinks: true
  initContainers:
  - command:
    - sh
    - -c
    - echo -e "#!/bin/bash\ncurl http://localhost\nexit 1" > /tmp/check-script.sh;
      chmod +x /tmp/check-script.sh
    image: busybox
    imagePullPolicy: Always
    name: prepare
    resources: {}
    terminationMessagePath: /dev/termination-log
    terminationMessagePolicy: File
    volumeMounts:
    - mountPath: /tmp
      name: vol1
  restartPolicy: Always
  volumes:
  - emptyDir: {}
    name: vol1
